<?xml version="1.0" encoding="UTF-8"?>
<!-- Generated by org.testng.reporters.JUnitXMLReporter -->
<testsuite hostname="krishnas-Air" ignored="1" name="testngTest" tests="9" failures="2" timestamp="24 Jun 2019 03:57:25 GMT" time="84.165" errors="0">
  <testcase name="loginPageTileTest" time="0.038" classname="com.crm.qa.testcases.LoginPageTest"/>
  <testcase name="verifyContactTest" time="0.16" classname="com.crm.qa.testcases.ContactsPageTest"/>
  <testcase name="verifyHomePage" time="1.329" classname="com.crm.qa.testcases.HomePageTest">
    <skipped/>
  </testcase> <!-- verifyHomePage -->
  <testcase name="verifyHomePage" time="1.2" classname="com.crm.qa.testcases.HomePageTest">
    <skipped/>
  </testcase> <!-- verifyHomePage -->
  <testcase name="verifyHomePage" time="1.857" classname="com.crm.qa.testcases.HomePageTest">
    <failure type="java.lang.AssertionError" message="expected [false] but found [true]">
      <![CDATA[java.lang.AssertionError: expected [false] but found [true]
at com.crm.qa.testcases.HomePageTest.verifyHomePage(HomePageTest.java:35)
at java.util.concurrent.ThreadPoolExecutor.runWorker(ThreadPoolExecutor.java:1149)
at java.util.concurrent.ThreadPoolExecutor$Worker.run(ThreadPoolExecutor.java:624)
at java.lang.Thread.run(Thread.java:748)
... Removed 16 stack frames]]>
    </failure>
  </testcase> <!-- verifyHomePage -->
  <testcase name="loginTest" time="1.001" classname="com.crm.qa.testcases.LoginPageTest"/>
  <testcase name="verifyNewContactPageTest" time="0.31" classname="com.crm.qa.testcases.ContactsPageTest">
    <failure type="java.lang.AssertionError" message="expected [true] but found [false]">
      <![CDATA[java.lang.AssertionError: expected [true] but found [false]
at com.crm.qa.testcases.ContactsPageTest.verifyNewContactPageTest(ContactsPageTest.java:50)
at java.util.concurrent.ThreadPoolExecutor.runWorker(ThreadPoolExecutor.java:1149)
at java.util.concurrent.ThreadPoolExecutor$Worker.run(ThreadPoolExecutor.java:624)
at java.lang.Thread.run(Thread.java:748)
... Removed 16 stack frames]]>
    </failure>
  </testcase> <!-- verifyNewContactPageTest -->
  <testcase name="verifyNewContactTest" time="3.451" classname="com.crm.qa.testcases.ContactsPageTest"/>
  <testcase name="verifyNewContactTest" time="3.395" classname="com.crm.qa.testcases.ContactsPageTest"/>
  <testcase name="verifyContactPage" time="0.0" classname="com.crm.qa.testcases.HomePageTest">
    <ignored/>
  </testcase> <!-- verifyContactPage -->
</testsuite> <!-- testngTest -->
