<?xml version="1.0" encoding="UTF-8"?>
<testng-results skipped="2" failed="2" ignored="1" total="10" passed="5">
  <reporter-output>
  </reporter-output>
  <suite name="Free CRM Application Test Suite" duration-ms="84165" started-at="2019-06-24T03:56:00Z" finished-at="2019-06-24T03:57:25Z">
    <groups>
    </groups>
    <test name="testngTest" duration-ms="84165" started-at="2019-06-24T03:56:00Z" finished-at="2019-06-24T03:57:25Z">
      <class name="com.crm.qa.testcases.HomePageTest">
        <test-method status="PASS" signature="setUp()[pri:0, instance:com.crm.qa.testcases.HomePageTest@6a4f787b]" name="setUp" is-config="true" duration-ms="21971" started-at="2019-06-24T03:56:00Z" finished-at="2019-06-24T03:56:22Z">
          <reporter-output>
          </reporter-output>
        </test-method> <!-- setUp -->
        <test-method status="SKIP" signature="verifyHomePage()[pri:0, instance:com.crm.qa.testcases.HomePageTest@6a4f787b]" name="verifyHomePage" duration-ms="1329" started-at="2019-06-24T03:56:22Z" finished-at="2019-06-24T03:56:24Z">
          <exception class="java.lang.AssertionError">
            <message>
              <![CDATA[expected [false] but found [true]]]>
            </message>
            <full-stacktrace>
              <![CDATA[java.lang.AssertionError: expected [false] but found [true]
at org.testng.Assert.fail(Assert.java:96)
at org.testng.Assert.failNotEquals(Assert.java:776)
at org.testng.Assert.assertEqualsImpl(Assert.java:137)
at org.testng.Assert.assertEquals(Assert.java:118)
at org.testng.Assert.assertEquals(Assert.java:568)
at org.testng.Assert.assertEquals(Assert.java:578)
at com.crm.qa.testcases.HomePageTest.verifyHomePage(HomePageTest.java:35)
at sun.reflect.NativeMethodAccessorImpl.invoke0(Native Method)
at sun.reflect.NativeMethodAccessorImpl.invoke(NativeMethodAccessorImpl.java:62)
at sun.reflect.DelegatingMethodAccessorImpl.invoke(DelegatingMethodAccessorImpl.java:43)
at java.lang.reflect.Method.invoke(Method.java:498)
at org.testng.internal.MethodInvocationHelper.invokeMethod(MethodInvocationHelper.java:124)
at org.testng.internal.Invoker.invokeMethod(Invoker.java:583)
at org.testng.internal.Invoker.invokeTestMethod(Invoker.java:719)
at org.testng.internal.Invoker.invokeTestMethods(Invoker.java:989)
at org.testng.internal.TestMethodWorker.invokeTestMethods(TestMethodWorker.java:125)
at org.testng.internal.TestMethodWorker.run(TestMethodWorker.java:109)
at java.util.concurrent.ThreadPoolExecutor.runWorker(ThreadPoolExecutor.java:1149)
at java.util.concurrent.ThreadPoolExecutor$Worker.run(ThreadPoolExecutor.java:624)
at java.lang.Thread.run(Thread.java:748)
]]>
            </full-stacktrace>
          </exception> <!-- java.lang.AssertionError -->
          <reporter-output>
          </reporter-output>
        </test-method> <!-- verifyHomePage -->
        <test-method status="PASS" signature="tearDownDriver()[pri:0, instance:com.crm.qa.testcases.HomePageTest@6a4f787b]" name="tearDownDriver" is-config="true" duration-ms="142" started-at="2019-06-24T03:56:24Z" finished-at="2019-06-24T03:56:24Z">
          <reporter-output>
          </reporter-output>
        </test-method> <!-- tearDownDriver -->
        <test-method status="PASS" signature="setUp()[pri:0, instance:com.crm.qa.testcases.HomePageTest@6a4f787b]" name="setUp" is-config="true" duration-ms="6755" started-at="2019-06-24T03:56:24Z" finished-at="2019-06-24T03:56:31Z">
          <reporter-output>
          </reporter-output>
        </test-method> <!-- setUp -->
        <test-method status="SKIP" signature="verifyHomePage()[pri:0, instance:com.crm.qa.testcases.HomePageTest@6a4f787b]" name="verifyHomePage" duration-ms="1200" started-at="2019-06-24T03:56:31Z" finished-at="2019-06-24T03:56:32Z">
          <exception class="java.lang.AssertionError">
            <message>
              <![CDATA[expected [false] but found [true]]]>
            </message>
            <full-stacktrace>
              <![CDATA[java.lang.AssertionError: expected [false] but found [true]
at org.testng.Assert.fail(Assert.java:96)
at org.testng.Assert.failNotEquals(Assert.java:776)
at org.testng.Assert.assertEqualsImpl(Assert.java:137)
at org.testng.Assert.assertEquals(Assert.java:118)
at org.testng.Assert.assertEquals(Assert.java:568)
at org.testng.Assert.assertEquals(Assert.java:578)
at com.crm.qa.testcases.HomePageTest.verifyHomePage(HomePageTest.java:35)
at sun.reflect.NativeMethodAccessorImpl.invoke0(Native Method)
at sun.reflect.NativeMethodAccessorImpl.invoke(NativeMethodAccessorImpl.java:62)
at sun.reflect.DelegatingMethodAccessorImpl.invoke(DelegatingMethodAccessorImpl.java:43)
at java.lang.reflect.Method.invoke(Method.java:498)
at org.testng.internal.MethodInvocationHelper.invokeMethod(MethodInvocationHelper.java:124)
at org.testng.internal.Invoker.invokeMethod(Invoker.java:583)
at org.testng.internal.Invoker.retryFailed(Invoker.java:839)
at org.testng.internal.Invoker.invokeTestMethods(Invoker.java:1010)
at org.testng.internal.TestMethodWorker.invokeTestMethods(TestMethodWorker.java:125)
at org.testng.internal.TestMethodWorker.run(TestMethodWorker.java:109)
at java.util.concurrent.ThreadPoolExecutor.runWorker(ThreadPoolExecutor.java:1149)
at java.util.concurrent.ThreadPoolExecutor$Worker.run(ThreadPoolExecutor.java:624)
at java.lang.Thread.run(Thread.java:748)
]]>
            </full-stacktrace>
          </exception> <!-- java.lang.AssertionError -->
          <reporter-output>
          </reporter-output>
        </test-method> <!-- verifyHomePage -->
        <test-method status="PASS" signature="tearDownDriver()[pri:0, instance:com.crm.qa.testcases.HomePageTest@6a4f787b]" name="tearDownDriver" is-config="true" duration-ms="113" started-at="2019-06-24T03:56:32Z" finished-at="2019-06-24T03:56:32Z">
          <reporter-output>
          </reporter-output>
        </test-method> <!-- tearDownDriver -->
        <test-method status="PASS" signature="setUp()[pri:0, instance:com.crm.qa.testcases.HomePageTest@6a4f787b]" name="setUp" is-config="true" duration-ms="6871" started-at="2019-06-24T03:56:32Z" finished-at="2019-06-24T03:56:39Z">
          <reporter-output>
          </reporter-output>
        </test-method> <!-- setUp -->
        <test-method status="FAIL" signature="verifyHomePage()[pri:0, instance:com.crm.qa.testcases.HomePageTest@6a4f787b]" name="verifyHomePage" duration-ms="1857" started-at="2019-06-24T03:56:39Z" finished-at="2019-06-24T03:56:41Z">
          <exception class="java.lang.AssertionError">
            <message>
              <![CDATA[expected [false] but found [true]]]>
            </message>
            <full-stacktrace>
              <![CDATA[java.lang.AssertionError: expected [false] but found [true]
at org.testng.Assert.fail(Assert.java:96)
at org.testng.Assert.failNotEquals(Assert.java:776)
at org.testng.Assert.assertEqualsImpl(Assert.java:137)
at org.testng.Assert.assertEquals(Assert.java:118)
at org.testng.Assert.assertEquals(Assert.java:568)
at org.testng.Assert.assertEquals(Assert.java:578)
at com.crm.qa.testcases.HomePageTest.verifyHomePage(HomePageTest.java:35)
at sun.reflect.NativeMethodAccessorImpl.invoke0(Native Method)
at sun.reflect.NativeMethodAccessorImpl.invoke(NativeMethodAccessorImpl.java:62)
at sun.reflect.DelegatingMethodAccessorImpl.invoke(DelegatingMethodAccessorImpl.java:43)
at java.lang.reflect.Method.invoke(Method.java:498)
at org.testng.internal.MethodInvocationHelper.invokeMethod(MethodInvocationHelper.java:124)
at org.testng.internal.Invoker.invokeMethod(Invoker.java:583)
at org.testng.internal.Invoker.retryFailed(Invoker.java:839)
at org.testng.internal.Invoker.invokeTestMethods(Invoker.java:1010)
at org.testng.internal.TestMethodWorker.invokeTestMethods(TestMethodWorker.java:125)
at org.testng.internal.TestMethodWorker.run(TestMethodWorker.java:109)
at java.util.concurrent.ThreadPoolExecutor.runWorker(ThreadPoolExecutor.java:1149)
at java.util.concurrent.ThreadPoolExecutor$Worker.run(ThreadPoolExecutor.java:624)
at java.lang.Thread.run(Thread.java:748)
]]>
            </full-stacktrace>
          </exception> <!-- java.lang.AssertionError -->
          <reporter-output>
          </reporter-output>
        </test-method> <!-- verifyHomePage -->
        <test-method status="PASS" signature="tearDownDriver()[pri:0, instance:com.crm.qa.testcases.HomePageTest@6a4f787b]" name="tearDownDriver" is-config="true" duration-ms="166" started-at="2019-06-24T03:56:42Z" finished-at="2019-06-24T03:56:42Z">
          <reporter-output>
          </reporter-output>
        </test-method> <!-- tearDownDriver -->
      </class> <!-- com.crm.qa.testcases.HomePageTest -->
      <class name="com.crm.qa.testcases.ContactsPageTest">
        <test-method status="PASS" signature="setUp()[pri:0, instance:com.crm.qa.testcases.ContactsPageTest@685cb137]" name="setUp" is-config="true" duration-ms="17568" started-at="2019-06-24T03:56:01Z" finished-at="2019-06-24T03:56:18Z">
          <reporter-output>
          </reporter-output>
        </test-method> <!-- setUp -->
        <test-method status="PASS" signature="verifyContactTest()[pri:0, instance:com.crm.qa.testcases.ContactsPageTest@685cb137]" name="verifyContactTest" duration-ms="160" started-at="2019-06-24T03:56:18Z" finished-at="2019-06-24T03:56:18Z">
          <reporter-output>
          </reporter-output>
        </test-method> <!-- verifyContactTest -->
        <test-method status="PASS" signature="tearDownDriver()[pri:0, instance:com.crm.qa.testcases.ContactsPageTest@685cb137]" name="tearDownDriver" is-config="true" duration-ms="135" started-at="2019-06-24T03:56:18Z" finished-at="2019-06-24T03:56:18Z">
          <reporter-output>
          </reporter-output>
        </test-method> <!-- tearDownDriver -->
        <test-method status="PASS" signature="setUp()[pri:0, instance:com.crm.qa.testcases.ContactsPageTest@685cb137]" name="setUp" is-config="true" duration-ms="15177" started-at="2019-06-24T03:56:42Z" finished-at="2019-06-24T03:56:57Z">
          <reporter-output>
          </reporter-output>
        </test-method> <!-- setUp -->
        <test-method status="FAIL" signature="verifyNewContactPageTest()[pri:1, instance:com.crm.qa.testcases.ContactsPageTest@685cb137]" name="verifyNewContactPageTest" duration-ms="310" started-at="2019-06-24T03:56:57Z" finished-at="2019-06-24T03:56:57Z">
          <exception class="java.lang.AssertionError">
            <message>
              <![CDATA[expected [true] but found [false]]]>
            </message>
            <full-stacktrace>
              <![CDATA[java.lang.AssertionError: expected [true] but found [false]
at org.testng.Assert.fail(Assert.java:96)
at org.testng.Assert.failNotEquals(Assert.java:776)
at org.testng.Assert.assertEqualsImpl(Assert.java:137)
at org.testng.Assert.assertEquals(Assert.java:118)
at org.testng.Assert.assertEquals(Assert.java:568)
at org.testng.Assert.assertEquals(Assert.java:578)
at com.crm.qa.testcases.ContactsPageTest.verifyNewContactPageTest(ContactsPageTest.java:50)
at sun.reflect.NativeMethodAccessorImpl.invoke0(Native Method)
at sun.reflect.NativeMethodAccessorImpl.invoke(NativeMethodAccessorImpl.java:62)
at sun.reflect.DelegatingMethodAccessorImpl.invoke(DelegatingMethodAccessorImpl.java:43)
at java.lang.reflect.Method.invoke(Method.java:498)
at org.testng.internal.MethodInvocationHelper.invokeMethod(MethodInvocationHelper.java:124)
at org.testng.internal.Invoker.invokeMethod(Invoker.java:583)
at org.testng.internal.Invoker.invokeTestMethod(Invoker.java:719)
at org.testng.internal.Invoker.invokeTestMethods(Invoker.java:989)
at org.testng.internal.TestMethodWorker.invokeTestMethods(TestMethodWorker.java:125)
at org.testng.internal.TestMethodWorker.run(TestMethodWorker.java:109)
at java.util.concurrent.ThreadPoolExecutor.runWorker(ThreadPoolExecutor.java:1149)
at java.util.concurrent.ThreadPoolExecutor$Worker.run(ThreadPoolExecutor.java:624)
at java.lang.Thread.run(Thread.java:748)
]]>
            </full-stacktrace>
          </exception> <!-- java.lang.AssertionError -->
          <reporter-output>
          </reporter-output>
        </test-method> <!-- verifyNewContactPageTest -->
        <test-method status="PASS" signature="tearDownDriver()[pri:0, instance:com.crm.qa.testcases.ContactsPageTest@685cb137]" name="tearDownDriver" is-config="true" duration-ms="175" started-at="2019-06-24T03:56:58Z" finished-at="2019-06-24T03:56:58Z">
          <reporter-output>
          </reporter-output>
        </test-method> <!-- tearDownDriver -->
        <test-method status="PASS" signature="setUp()[pri:0, instance:com.crm.qa.testcases.ContactsPageTest@685cb137]" name="setUp" is-config="true" duration-ms="8674" started-at="2019-06-24T03:56:59Z" finished-at="2019-06-24T03:57:08Z">
          <reporter-output>
          </reporter-output>
        </test-method> <!-- setUp -->
        <test-method status="PASS" signature="verifyNewContactTest(java.lang.String, java.lang.String, java.lang.String, java.lang.String, java.lang.String)[pri:2, instance:com.crm.qa.testcases.ContactsPageTest@685cb137]" name="verifyNewContactTest" duration-ms="3451" started-at="2019-06-24T03:57:08Z" data-provider="getData" finished-at="2019-06-24T03:57:11Z">
          <params>
            <param index="0">
              <value>
                <![CDATA[Priti]]>
              </value>
            </param>
            <param index="1">
              <value>
                <![CDATA[Dwibedi]]>
              </value>
            </param>
            <param index="2">
              <value>
                <![CDATA[CTS]]>
              </value>
            </param>
            <param index="3">
              <value>
                <![CDATA[LinkedIn]]>
              </value>
            </param>
            <param index="4">
              <value>
                <![CDATA[Priti Test]]>
              </value>
            </param>
          </params>
          <reporter-output>
          </reporter-output>
        </test-method> <!-- verifyNewContactTest -->
        <test-method status="PASS" signature="tearDownDriver()[pri:0, instance:com.crm.qa.testcases.ContactsPageTest@685cb137]" name="tearDownDriver" is-config="true" duration-ms="130" started-at="2019-06-24T03:57:11Z" finished-at="2019-06-24T03:57:12Z">
          <reporter-output>
          </reporter-output>
        </test-method> <!-- tearDownDriver -->
        <test-method status="PASS" signature="setUp()[pri:0, instance:com.crm.qa.testcases.ContactsPageTest@685cb137]" name="setUp" is-config="true" duration-ms="9467" started-at="2019-06-24T03:57:12Z" finished-at="2019-06-24T03:57:21Z">
          <reporter-output>
          </reporter-output>
        </test-method> <!-- setUp -->
        <test-method status="PASS" signature="verifyNewContactTest(java.lang.String, java.lang.String, java.lang.String, java.lang.String, java.lang.String)[pri:2, instance:com.crm.qa.testcases.ContactsPageTest@685cb137]" name="verifyNewContactTest" duration-ms="3395" started-at="2019-06-24T03:57:21Z" data-provider="getData" finished-at="2019-06-24T03:57:24Z">
          <params>
            <param index="0">
              <value>
                <![CDATA[Krishna ]]>
              </value>
            </param>
            <param index="1">
              <value>
                <![CDATA[Pathak]]>
              </value>
            </param>
            <param index="2">
              <value>
                <![CDATA[Bbliss]]>
              </value>
            </param>
            <param index="3">
              <value>
                <![CDATA[Facebook]]>
              </value>
            </param>
            <param index="4">
              <value>
                <![CDATA[Krishna Test]]>
              </value>
            </param>
          </params>
          <reporter-output>
          </reporter-output>
        </test-method> <!-- verifyNewContactTest -->
        <test-method status="PASS" signature="tearDownDriver()[pri:0, instance:com.crm.qa.testcases.ContactsPageTest@685cb137]" name="tearDownDriver" is-config="true" duration-ms="130" started-at="2019-06-24T03:57:24Z" finished-at="2019-06-24T03:57:25Z">
          <reporter-output>
          </reporter-output>
        </test-method> <!-- tearDownDriver -->
      </class> <!-- com.crm.qa.testcases.ContactsPageTest -->
      <class name="com.crm.qa.testcases.LoginPageTest">
        <test-method status="PASS" signature="setup()[pri:0, instance:com.crm.qa.testcases.LoginPageTest@604ed9f0]" name="setup" is-config="true" duration-ms="8386" started-at="2019-06-24T03:56:00Z" finished-at="2019-06-24T03:56:09Z">
          <reporter-output>
          </reporter-output>
        </test-method> <!-- setup -->
        <test-method status="PASS" signature="loginPageTileTest()[pri:0, instance:com.crm.qa.testcases.LoginPageTest@604ed9f0]" name="loginPageTileTest" duration-ms="38" started-at="2019-06-24T03:56:09Z" finished-at="2019-06-24T03:56:09Z">
          <reporter-output>
          </reporter-output>
        </test-method> <!-- loginPageTileTest -->
        <test-method status="PASS" signature="QuitDriver()[pri:0, instance:com.crm.qa.testcases.LoginPageTest@604ed9f0]" name="QuitDriver" is-config="true" duration-ms="143" started-at="2019-06-24T03:56:09Z" finished-at="2019-06-24T03:56:09Z">
          <reporter-output>
          </reporter-output>
        </test-method> <!-- QuitDriver -->
        <test-method status="PASS" signature="setup()[pri:0, instance:com.crm.qa.testcases.LoginPageTest@604ed9f0]" name="setup" is-config="true" duration-ms="6334" started-at="2019-06-24T03:56:42Z" finished-at="2019-06-24T03:56:48Z">
          <reporter-output>
          </reporter-output>
        </test-method> <!-- setup -->
        <test-method status="PASS" signature="loginTest()[pri:1, instance:com.crm.qa.testcases.LoginPageTest@604ed9f0]" name="loginTest" duration-ms="1001" started-at="2019-06-24T03:56:48Z" finished-at="2019-06-24T03:56:49Z">
          <reporter-output>
          </reporter-output>
        </test-method> <!-- loginTest -->
        <test-method status="PASS" signature="QuitDriver()[pri:0, instance:com.crm.qa.testcases.LoginPageTest@604ed9f0]" name="QuitDriver" is-config="true" duration-ms="174" started-at="2019-06-24T03:56:49Z" finished-at="2019-06-24T03:56:49Z">
          <reporter-output>
          </reporter-output>
        </test-method> <!-- QuitDriver -->
      </class> <!-- com.crm.qa.testcases.LoginPageTest -->
    </test> <!-- testngTest -->
  </suite> <!-- Free CRM Application Test Suite -->
</testng-results>
